<?xml version="1.0" encoding="UTF-8"?>
<!-- Generated by org.testng.reporters.JUnitReportReporter -->
<testsuite skipped="0" hostname="ASDP1534PO01976" name="Test.MainTest" tests="7" failures="0" timestamp="05 Jul 2018 06:28:54 GMT" time="3.973" errors="0">
  <testcase name="attempClickingBasicCourse" time="0.175" classname="Test.MainTest"/>
  <testcase name="attemptCookie" time="0.346" classname="Test.MainTest"/>
  <testcase name="attemptPopUpWindow" time="0.425" classname="Test.MainTest"/>
  <testcase name="EndPage" time="0.039" classname="Test.MainTest"/>
  <testcase name="attemptFrameAndDungeonPage" time="2.412" classname="Test.MainTest"/>
  <testcase name="attempGridBoxPage" time="0.250" classname="Test.MainTest"/>
  <testcase name="attemptDragNdrop" time="0.326" classname="Test.MainTest"/>
</testsuite> <!-- Test.MainTest -->
